f:\temp\erp\erp\x64\debug\moc_basewindow.obj
f:\temp\erp\erp\x64\debug\moc_cdlgnewbill.obj
f:\temp\erp\erp\x64\debug\qrc_erp.obj
f:\temp\erp\erp\x64\debug\moc_cdlgadditem.obj
f:\temp\erp\erp\x64\debug\moc_mypushbtn.obj
f:\temp\erp\erp\x64\debug\moc_cdlgcustomeredit.obj
f:\temp\erp\erp\x64\debug\moc_keyboard.obj
f:\temp\erp\erp\x64\debug\moc_mytitlebar.obj
f:\temp\erp\erp\x64\debug\moc_widget.obj
f:\temp\erp\erp\x64\debug\moc_cdlgbillman.obj
f:\temp\erp\erp\x64\debug\moc_cdlgorderman.obj
f:\temp\erp\erp\x64\debug\moc_cdlgordertoolbar.obj
f:\temp\erp\erp\x64\debug\moc_loginwindow.obj
f:\temp\erp\erp\x64\debug\moc_santang.obj
f:\temp\erp\erp\x64\debug\cdlgnewbill.obj
f:\temp\erp\erp\x64\debug\maxbutton.obj
f:\temp\erp\erp\x64\debug\mytoolbtn.obj
f:\temp\erp\erp\x64\debug\ccustomer.obj
f:\temp\erp\erp\x64\debug\corderinfo.obj
f:\temp\erp\erp\x64\debug\loginwindow.obj
f:\temp\erp\erp\x64\debug\basewindow.obj
f:\temp\erp\erp\x64\debug\csqlman.obj
f:\temp\erp\erp\x64\debug\mytitlebar.obj
f:\temp\erp\erp\x64\debug\cdlgadditem.obj
f:\temp\erp\erp\x64\debug\santang.obj
f:\temp\erp\erp\x64\debug\sproduct.obj
f:\temp\erp\erp\x64\debug\cdlgorderman.obj
f:\temp\erp\erp\x64\debug\main.obj
f:\temp\erp\erp\x64\debug\cdlgordertoolbar.obj
f:\temp\erp\erp\x64\debug\closebutton.obj
f:\temp\erp\erp\x64\debug\minbutton.obj
f:\temp\erp\erp\x64\debug\cdlgcustomeredit.obj
f:\temp\erp\erp\x64\debug\cproduct.obj
f:\temp\erp\erp\x64\debug\csqldatabase.obj
f:\temp\erp\erp\x64\debug\mypushbtn.obj
f:\temp\erp\erp\x64\debug\cdlgbillman.obj
f:\temp\erp\erp\x64\debug\keyboard.obj
f:\temp\erp\erp\x64\debug\widget.obj
f:\temp\erp\erp\x64\debug\vc141.pdb
f:\temp\erp\erp\x64\debug\moc_cdlgordermantoolbar.obj
f:\temp\erp\erp\x64\debug\qrc_toolbar.obj
f:\temp\erp\erp\x64\debug\qgui.obj
f:\temp\erp\erp\x64\debug\moc_qgui.obj
f:\temp\erp\erp\x64\debug\cdlgordermantoolbar.obj
f:\temp\erp\erp\x64\debug\uic\ui_cdlgadditem.h
f:\temp\erp\erp\x64\debug\uic\ui_cdlgbillman.h
f:\temp\erp\erp\x64\debug\uic\ui_cdlgcustomeredit.h
f:\temp\erp\erp\x64\debug\uic\ui_cdlgnewbill.h
f:\temp\erp\erp\x64\debug\uic\ui_cdlgorderman.h
f:\temp\erp\erp\x64\debug\uic\ui_cdlgordertoolbar.h
f:\temp\erp\erp\x64\debug\uic\ui_changepassword.h
f:\temp\erp\erp\x64\debug\uic\ui_santang.h
f:\temp\erp\erp\x64\debug\uic\ui_keyboard.h
f:\temp\erp\erp\x64\debug\uic\ui_loginwindow.h
f:\temp\erp\erp\x64\debug\uic\ui_widget.h
f:\temp\erp\erp\x64\debug\rcc\qrc_erp.cpp
f:\temp\erp\erp\x64\debug\moc\moc_santang.cpp
f:\temp\erp\erp\x64\debug\moc\moc_mytitlebar.cpp
f:\temp\erp\erp\x64\debug\moc\moc_basewindow.cpp
f:\temp\erp\erp\x64\debug\moc\moc_cdlgcustomeredit.cpp
f:\temp\erp\erp\x64\debug\moc\moc_cdlgordertoolbar.cpp
f:\temp\erp\erp\x64\debug\moc\moc_cdlgorderman.cpp
f:\temp\erp\erp\x64\debug\moc\moc_cdlgbillman.cpp
f:\temp\erp\erp\x64\debug\moc\moc_cdlgadditem.cpp
f:\temp\erp\erp\x64\debug\moc\moc_cdlgnewbill.cpp
f:\temp\erp\erp\x64\debug\moc\moc_widget.cpp
f:\temp\erp\erp\x64\debug\moc\moc_loginwindow.cpp
f:\temp\erp\erp\x64\debug\moc\moc_keyboard.cpp
f:\temp\erp\erp\x64\debug\moc\moc_mypushbtn.cpp
f:\temp\erp\erp\x64\debug\uic\ui_cdlgordermantoolbar.h
f:\temp\erp\erp\x64\debug\moc\moc_cdlgordermantoolbar.cpp
f:\temp\erp\erp\x64\debug\rcc\qrc_toolbar.cpp
f:\temp\erp\erp\x64\debug\uic\ui_qgui.h
f:\temp\erp\erp\x64\debug\moc\moc_qgui.cpp
f:\temp\erp\erp\x64\debug\\moc\moc_santang.cpp
f:\temp\erp\erp\x64\debug\\moc\moc_mytitlebar.cpp
f:\temp\erp\erp\x64\debug\\moc\moc_basewindow.cpp
f:\temp\erp\erp\x64\debug\\moc\moc_cdlgcustomeredit.cpp
f:\temp\erp\erp\x64\debug\\moc\moc_cdlgordertoolbar.cpp
f:\temp\erp\erp\x64\debug\\moc\moc_cdlgorderman.cpp
f:\temp\erp\erp\x64\debug\\moc\moc_cdlgordermantoolbar.cpp
f:\temp\erp\erp\x64\debug\\moc\moc_qgui.cpp
f:\temp\erp\erp\x64\debug\\moc\moc_cdlgbillman.cpp
f:\temp\erp\erp\x64\debug\\moc\moc_cdlgadditem.cpp
f:\temp\erp\erp\x64\debug\\moc\moc_cdlgnewbill.cpp
f:\temp\erp\erp\x64\debug\\moc\moc_widget.cpp
f:\temp\erp\erp\x64\debug\\moc\moc_loginwindow.cpp
f:\temp\erp\erp\x64\debug\\moc\moc_keyboard.cpp
f:\temp\erp\erp\x64\debug\\moc\moc_mypushbtn.cpp
f:\temp\erp\erp\x64\debug\erp.res
f:\temp\erp\erp\x64\debug\\rcc\qrc_erp.cpp
f:\temp\erp\erp\x64\debug\\rcc\qrc_toolbar.cpp
f:\temp\erp\erp\x64\debug\\uic\ui_cdlgadditem.h
f:\temp\erp\erp\x64\debug\\uic\ui_cdlgbillman.h
f:\temp\erp\erp\x64\debug\\uic\ui_cdlgcustomeredit.h
f:\temp\erp\erp\x64\debug\\uic\ui_cdlgnewbill.h
f:\temp\erp\erp\x64\debug\\uic\ui_cdlgorderman.h
f:\temp\erp\erp\x64\debug\\uic\ui_cdlgordermantoolbar.h
f:\temp\erp\erp\x64\debug\\uic\ui_cdlgordertoolbar.h
f:\temp\erp\erp\x64\debug\\uic\ui_changepassword.h
f:\temp\erp\erp\x64\debug\\uic\ui_qgui.h
f:\temp\erp\erp\x64\debug\\uic\ui_santang.h
f:\temp\erp\erp\x64\debug\\uic\ui_keyboard.h
f:\temp\erp\erp\x64\debug\\uic\ui_loginwindow.h
f:\temp\erp\erp\x64\debug\\uic\ui_widget.h
f:\temp\erp\x64\debug\erp.pdb
f:\temp\erp\erp\x64\debug\erp.tlog\cl.command.1.tlog
f:\temp\erp\erp\x64\debug\erp.tlog\cl.read.1.tlog
f:\temp\erp\erp\x64\debug\erp.tlog\cl.write.1.tlog
f:\temp\erp\erp\x64\debug\erp.tlog\erp.write.1u.tlog
f:\temp\erp\erp\x64\debug\erp.tlog\link-cvtres.read.1.tlog
f:\temp\erp\erp\x64\debug\erp.tlog\link-cvtres.write.1.tlog
f:\temp\erp\erp\x64\debug\erp.tlog\link-rc.read.1.tlog
f:\temp\erp\erp\x64\debug\erp.tlog\link-rc.write.1.tlog
f:\temp\erp\erp\x64\debug\erp.tlog\link.1440-cvtres.read.1.tlog
f:\temp\erp\erp\x64\debug\erp.tlog\link.1440-cvtres.write.1.tlog
f:\temp\erp\erp\x64\debug\erp.tlog\link.1440-rc.read.1.tlog
f:\temp\erp\erp\x64\debug\erp.tlog\link.1440-rc.write.1.tlog
f:\temp\erp\erp\x64\debug\erp.tlog\link.1440.read.1.tlog
f:\temp\erp\erp\x64\debug\erp.tlog\link.1440.write.1.tlog
f:\temp\erp\erp\x64\debug\erp.tlog\link.command.1.tlog
f:\temp\erp\erp\x64\debug\erp.tlog\link.read.1.tlog
f:\temp\erp\erp\x64\debug\erp.tlog\link.write.1.tlog
f:\temp\erp\erp\x64\debug\erp.tlog\moc.read.1u.tlog
f:\temp\erp\erp\x64\debug\erp.tlog\moc.write.1u.tlog
f:\temp\erp\erp\x64\debug\erp.tlog\rc.command.1.tlog
f:\temp\erp\erp\x64\debug\erp.tlog\rc.read.1.tlog
f:\temp\erp\erp\x64\debug\erp.tlog\rc.write.1.tlog
f:\temp\erp\erp\x64\debug\erp.tlog\rcc.read.1u.tlog
f:\temp\erp\erp\x64\debug\erp.tlog\rcc.write.1u.tlog
f:\temp\erp\erp\x64\debug\erp.tlog\uic.read.1u.tlog
f:\temp\erp\erp\x64\debug\erp.tlog\uic.write.1u.tlog
